[debug] [2021-03-12T08:30:18.638Z] ----------------------------------------------------------------------
[debug] [2021-03-12T08:30:18.640Z] Command:       C:\Program Files\nodejs\node.exe C:\Users\henry\AppData\Roaming\npm\node_modules\firebase-tools\lib\bin\firebase.js emulators:start
[debug] [2021-03-12T08:30:18.641Z] CLI Version:   9.6.0
[debug] [2021-03-12T08:30:18.641Z] Platform:      win32
[debug] [2021-03-12T08:30:18.641Z] Node Version:  v14.16.0
[debug] [2021-03-12T08:30:18.642Z] Time:          Fri Mar 12 2021 00:30:18 GMT-0800 (Pacific Standard Time)
[debug] [2021-03-12T08:30:18.643Z] ----------------------------------------------------------------------
[debug] [2021-03-12T08:30:18.643Z] 
[debug] [2021-03-12T08:30:18.651Z] > command requires scopes: ["email","openid","https://www.googleapis.com/auth/cloudplatformprojects.readonly","https://www.googleapis.com/auth/firebase","https://www.googleapis.com/auth/cloud-platform"]
[debug] [2021-03-12T08:30:18.652Z] > authorizing via signed-in user
[info] i  emulators: Starting emulators: database {"metadata":{"emulator":{"name":"hub"},"message":"Starting emulators: database"}}
[debug] [2021-03-12T08:30:18.703Z] [hub] writing locator at C:\Users\henry\AppData\Local\Temp\hub-dsc-blockchain-voting-system.json
[debug] [2021-03-12T08:30:18.734Z] >>> [apiv2][query] GET https://firebase.googleapis.com/v1beta1/projects/dsc-blockchain-voting-system [none]
[debug] [2021-03-12T08:30:18.934Z] <<< [apiv2][status] GET https://firebase.googleapis.com/v1beta1/projects/dsc-blockchain-voting-system 200
[debug] [2021-03-12T08:30:18.935Z] <<< [apiv2][body] GET https://firebase.googleapis.com/v1beta1/projects/dsc-blockchain-voting-system {"projectId":"dsc-blockchain-voting-system","projectNumber":"150101738021","displayName":"DSC Blockchain Voting System","name":"projects/dsc-blockchain-voting-system","resources":{"hostingSite":"dsc-blockchain-voting-system","realtimeDatabaseInstance":"dsc-blockchain-voting-system-default-rtdb"},"state":"ACTIVE"}
[debug] [2021-03-12T08:30:18.935Z] database rules config:  [{"instance":"dsc-blockchain-voting-system-default-rtdb","rules":"D:\\Documents\\UNIVERSITY OF TORONTO\\Courses\\Y2S2\\DSC Project\\Linking\\blockchain-voting-system\\database.rules.json"}]
[debug] [2021-03-12T08:30:18.939Z] Ignoring unsupported arg: projectId {"metadata":{"emulator":{"name":"database"},"message":"Ignoring unsupported arg: projectId"}}
[debug] [2021-03-12T08:30:18.939Z] Ignoring unsupported arg: auto_download {"metadata":{"emulator":{"name":"database"},"message":"Ignoring unsupported arg: auto_download"}}
[debug] [2021-03-12T08:30:18.939Z] Ignoring unsupported arg: rules {"metadata":{"emulator":{"name":"database"},"message":"Ignoring unsupported arg: rules"}}
[debug] [2021-03-12T08:30:18.939Z] Starting Database Emulator with command {"binary":"java","args":["-Duser.language=en","-jar","C:\\Users\\henry\\.cache\\firebase\\emulators\\firebase-database-emulator-v4.7.2.jar","--host","localhost","--port",9000],"optionalArgs":["port","host","functions_emulator_port","functions_emulator_host"],"joinArgs":false} {"metadata":{"emulator":{"name":"database"},"message":"Starting Database Emulator with command {\"binary\":\"java\",\"args\":[\"-Duser.language=en\",\"-jar\",\"C:\\\\Users\\\\henry\\\\.cache\\\\firebase\\\\emulators\\\\firebase-database-emulator-v4.7.2.jar\",\"--host\",\"localhost\",\"--port\",9000],\"optionalArgs\":[\"port\",\"host\",\"functions_emulator_port\",\"functions_emulator_host\"],\"joinArgs\":false}"}}
[info] i  database: Database Emulator logging to database-debug.log {"metadata":{"emulator":{"name":"database"},"message":"Database Emulator logging to \u001b[1mdatabase-debug.log\u001b[22m"}}
[debug] [2021-03-12T08:30:21.100Z] Ignoring unsupported arg: auto_download {"metadata":{"emulator":{"name":"ui"},"message":"Ignoring unsupported arg: auto_download"}}
[debug] [2021-03-12T08:30:21.101Z] Ignoring unsupported arg: port {"metadata":{"emulator":{"name":"ui"},"message":"Ignoring unsupported arg: port"}}
[debug] [2021-03-12T08:30:21.101Z] Starting Emulator UI with command {"binary":"node","args":["C:\\Users\\henry\\.cache\\firebase\\emulators\\ui-v1.4.2\\server.bundle.js"],"optionalArgs":[],"joinArgs":false} {"metadata":{"emulator":{"name":"ui"},"message":"Starting Emulator UI with command {\"binary\":\"node\",\"args\":[\"C:\\\\Users\\\\henry\\\\.cache\\\\firebase\\\\emulators\\\\ui-v1.4.2\\\\server.bundle.js\"],\"optionalArgs\":[],\"joinArgs\":false}"}}
[info] i  ui: Emulator UI logging to ui-debug.log {"metadata":{"emulator":{"name":"ui"},"message":"Emulator UI logging to \u001b[1mui-debug.log\u001b[22m"}}
[debug] [2021-03-12T08:30:21.323Z] Web / API server started at http://localhost:4000
 {"metadata":{"emulator":{"name":"ui"},"message":"Web / API server started at http://localhost:4000\n"}}
[debug] [2021-03-12T08:30:21.381Z] >>> HTTP REQUEST PUT http://localhost:9000/.settings/rules.json?ns=dsc-blockchain-voting-system-default-rtdb  
 {
  "rules": {
    ".read": "now < 1618038000000",  // 2021-4-10
    ".write": "now < 1618038000000",  // 2021-4-10
  }
}
[debug] [2021-03-12T08:30:21.784Z] <<< HTTP RESPONSE 200 {"content-length":"15","content-type":"application/json; charset=utf-8","access-control-allow-origin":"*","cache-control":"no-cache","x-firebase-project-id":"dsc-blockchain-voting-system-default-rtdb","x-firebase-project-number":"123456789","x-firebase-uuid":"99013d54-fe6d-4f74-9e12-395cfcbced91"}
[info] 
┌─────────────────────────────────────────────────────────────┐
│ ✔  All emulators ready! It is now safe to connect your app. │
│ i  View Emulator UI at http://localhost:4000                │
└─────────────────────────────────────────────────────────────┘

┌──────────┬────────────────┬────────────────────────────────┐
│ Emulator │ Host:Port      │ View in Emulator UI            │
├──────────┼────────────────┼────────────────────────────────┤
│ Database │ localhost:9000 │ http://localhost:4000/database │
└──────────┴────────────────┴────────────────────────────────┘
  Emulator Hub running at localhost:4400
  Other reserved ports: 4500

Issues? Report them at https://github.com/firebase/firebase-tools/issues and attach the *-debug.log files.
 
[debug] [2021-03-12T08:51:50.591Z] Received signal SIGHUP 1
